2021-12-27 13:18:44 INFO  Project1_Runnerclass:24 - url launch successfully
2021-12-27 13:20:11 INFO  Project1_Runnerclass:24 - url launch successfully
2021-12-27 13:25:24 INFO  Project1_Runnerclass:24 - url launch successfully
2021-12-27 13:33:31 INFO  Project1_Runnerclass:25 - url launch successfully
2021-12-27 13:39:27 INFO  Project1_Runnerclass:27 - url launch successfully
2021-12-27 13:40:19 INFO  Project1_Runnerclass:43 - Women Dress Page Clicked
2021-12-27 13:40:31 INFO  Project1_Runnerclass:47 - Printed Dress Selected
2021-12-27 15:11:59 INFO  Project1_Runnerclass:27 - url launch successfully
2021-12-27 15:12:44 INFO  Project1_Runnerclass:43 - Women Dress Page Clicked
2021-12-27 15:12:56 INFO  Project1_Runnerclass:47 - Printed Dress Selected
2021-12-27 15:35:45 INFO  Project1_Runnerclass:28 - url launch successfully
2021-12-27 15:36:03 INFO  Project1_Runnerclass:44 - Women Dress Page Clicked
2021-12-27 15:36:07 INFO  Project1_Runnerclass:48 - Printed Dress Selected
2021-12-27 15:56:09 INFO  Project1_Runnerclass:28 - url launch successfully
2021-12-27 15:59:58 INFO  Project1_Runnerclass:27 - url launch successfully
2021-12-27 16:01:29 INFO  Project1_Runnerclass:27 - url launch successfully
2021-12-27 18:55:48 INFO  Project1_Runnerclass:27 - url launch successfully
2021-12-27 18:56:28 INFO  Project1_Runnerclass:43 - Women Dress Page Clicked
2021-12-27 18:56:42 INFO  Project1_Runnerclass:47 - Printed Dress Selected
2021-12-27 18:56:44 INFO  Project1_Runnerclass:55 - Quantity and Size added and clicked Add to Cart Button
2021-12-27 20:03:02 INFO  Project1_Runnerclass:26 - url launch successfully
2021-12-27 20:03:33 INFO  Project1_Runnerclass:42 - Women Dress Page Clicked
2021-12-27 20:03:38 INFO  Project1_Runnerclass:46 - Printed Dress Selected
2021-12-27 20:03:41 INFO  Project1_Runnerclass:54 - Quantity and Size added and clicked Add to Cart Button
2021-12-27 20:07:59 INFO  Project1_Runnerclass:26 - url launch successfully
2021-12-27 20:08:43 INFO  Project1_Runnerclass:42 - Women Dress Page Clicked
2021-12-27 20:08:49 INFO  Project1_Runnerclass:46 - Printed Dress Selected
2021-12-27 20:08:52 INFO  Project1_Runnerclass:54 - Quantity and Size added and clicked Add to Cart Button
2021-12-27 20:17:08 INFO  Project1_Runnerclass:26 - url launch successfully
2021-12-27 20:17:56 INFO  Project1_Runnerclass:42 - Women Dress Page Clicked
2021-12-27 20:18:06 INFO  Project1_Runnerclass:46 - Printed Dress Selected
2021-12-27 20:18:08 INFO  Project1_Runnerclass:54 - Quantity and Size added and clicked Add to Cart Button
2021-12-27 20:39:53 INFO  Project1_Runnerclass:26 - url launch successfully
2021-12-27 20:40:20 INFO  Project1_Runnerclass:37 - SignIN Successfully
2021-12-27 20:40:35 INFO  Project1_Runnerclass:43 - Women Page Clicked
2021-12-27 20:42:16 INFO  Project1_Runnerclass:26 - url launch successfully
2021-12-27 20:42:47 INFO  Project1_Runnerclass:37 - SignIN Successfully
2021-12-27 20:43:04 INFO  Project1_Runnerclass:43 - Women Page Clicked
2021-12-27 20:43:28 INFO  Project1_Runnerclass:109 - LogOut Successfully
2021-12-27 20:43:55 INFO  Project1_Runnerclass:37 - SignIN Successfully
2021-12-27 20:44:06 INFO  Project1_Runnerclass:43 - Women Page Clicked
2021-12-27 20:44:36 INFO  Project1_Runnerclass:109 - LogOut Successfully
2021-12-27 20:45:04 INFO  Project1_Runnerclass:37 - SignIN Successfully
2021-12-27 20:45:19 INFO  Project1_Runnerclass:43 - Women Page Clicked
2021-12-27 20:45:42 INFO  Project1_Runnerclass:109 - LogOut Successfully
2021-12-27 20:46:01 INFO  Project1_Runnerclass:37 - SignIN Successfully
2021-12-27 20:46:16 INFO  Project1_Runnerclass:43 - Women Page Clicked
2021-12-27 20:46:59 INFO  Project1_Runnerclass:62 - Printed Dress Order Placed
2021-12-27 20:47:12 INFO  Project1_Runnerclass:109 - LogOut Successfully
2021-12-27 20:47:38 INFO  Project1_Runnerclass:37 - SignIN Successfully
2021-12-27 20:47:48 INFO  Project1_Runnerclass:67 - Dress page Clicked
2021-12-27 20:48:02 INFO  Project1_Runnerclass:109 - LogOut Successfully
2021-12-27 20:48:31 INFO  Project1_Runnerclass:37 - SignIN Successfully
2021-12-27 20:48:45 INFO  Project1_Runnerclass:67 - Dress page Clicked
2021-12-27 20:49:04 INFO  Project1_Runnerclass:109 - LogOut Successfully
2021-12-27 20:49:32 INFO  Project1_Runnerclass:37 - SignIN Successfully
2021-12-27 20:49:41 INFO  Project1_Runnerclass:67 - Dress page Clicked
2021-12-27 20:49:47 INFO  Project1_Runnerclass:109 - LogOut Successfully
2021-12-27 20:50:07 INFO  Project1_Runnerclass:37 - SignIN Successfully
2021-12-27 20:50:20 INFO  Project1_Runnerclass:67 - Dress page Clicked
2021-12-27 20:50:39 INFO  Project1_Runnerclass:109 - LogOut Successfully
2021-12-27 20:51:04 INFO  Project1_Runnerclass:37 - SignIN Successfully
2021-12-27 20:51:10 INFO  Project1_Runnerclass:88 - Tshirt Page Clicked
2021-12-27 20:51:21 INFO  Project1_Runnerclass:109 - LogOut Successfully
2021-12-27 20:51:40 INFO  Project1_Runnerclass:37 - SignIN Successfully
2021-12-27 20:51:52 INFO  Project1_Runnerclass:88 - Tshirt Page Clicked
2021-12-27 20:52:04 INFO  Project1_Runnerclass:109 - LogOut Successfully
2021-12-27 20:52:50 INFO  Project1_Runnerclass:37 - SignIN Successfully
2021-12-27 20:53:02 INFO  Project1_Runnerclass:88 - Tshirt Page Clicked
2021-12-27 20:53:15 INFO  Project1_Runnerclass:109 - LogOut Successfully
2021-12-27 20:53:45 INFO  Project1_Runnerclass:37 - SignIN Successfully
2021-12-27 20:53:53 INFO  Project1_Runnerclass:88 - Tshirt Page Clicked
2021-12-27 20:54:08 INFO  Project1_Runnerclass:109 - LogOut Successfully
2021-12-27 20:54:08 INFO  Project1_Runnerclass:114 - Browser Closed
2021-12-27 20:59:17 INFO  Project1_Runnerclass:26 - url launch successfully
2021-12-27 20:59:41 INFO  Project1_Runnerclass:37 - SignIN Successfully
2021-12-27 21:01:10 INFO  Project1_Runnerclass:26 - url launch successfully
2021-12-27 21:01:36 INFO  Project1_Runnerclass:37 - SignIN Successfully
2021-12-27 21:01:52 INFO  Project1_Runnerclass:43 - Women Page Clicked
2021-12-27 21:02:07 INFO  Project1_Runnerclass:106 - LogOut Successfully
2021-12-30 19:09:57 INFO  Project1_Runnerclass:26 - url launch successfully
2021-12-30 19:10:15 INFO  Project1_Runnerclass:37 - SignIN Successfully
2021-12-30 19:10:30 INFO  Project1_Runnerclass:43 - Women Page Clicked
2021-12-30 19:11:00 INFO  Project1_Runnerclass:106 - LogOut Successfully
2021-12-30 19:11:30 INFO  Project1_Runnerclass:37 - SignIN Successfully
2021-12-30 19:11:43 INFO  Project1_Runnerclass:66 - Dress page Clicked
2021-12-30 19:19:01 INFO  Project1_Runnerclass:26 - url launch successfully
2021-12-30 19:19:08 INFO  Project1_Runnerclass:37 - SignIN Successfully
2021-12-30 19:19:14 INFO  Project1_Runnerclass:43 - Women Page Clicked
2021-12-30 19:19:47 INFO  Project1_Runnerclass:60 - Printed Dress Order Placed
2021-12-30 19:19:54 INFO  Project1_Runnerclass:105 - LogOut Successfully
2021-12-30 19:20:03 INFO  Project1_Runnerclass:37 - SignIN Successfully
2021-12-30 19:20:11 INFO  Project1_Runnerclass:65 - Dress page Clicked
2021-12-30 19:20:44 INFO  Project1_Runnerclass:80 - Chiffon Dress Order Placed
2021-12-30 19:20:51 INFO  Project1_Runnerclass:105 - LogOut Successfully
2021-12-30 19:21:01 INFO  Project1_Runnerclass:37 - SignIN Successfully
2021-12-30 19:21:08 INFO  Project1_Runnerclass:85 - Tshirt Page Clicked
2021-12-30 19:24:48 INFO  Project1_Runnerclass:26 - url launch successfully
2021-12-30 19:24:58 INFO  Project1_Runnerclass:37 - SignIN Successfully
2021-12-30 19:25:04 INFO  Project1_Runnerclass:43 - Women Page Clicked
2021-12-30 19:25:25 INFO  Project1_Runnerclass:60 - Printed Dress Order Placed
2021-12-30 19:25:33 INFO  Project1_Runnerclass:105 - LogOut Successfully
2021-12-30 19:25:41 INFO  Project1_Runnerclass:37 - SignIN Successfully
2021-12-30 19:25:48 INFO  Project1_Runnerclass:65 - Dress page Clicked
2021-12-30 19:26:14 INFO  Project1_Runnerclass:80 - Chiffon Dress Order Placed
2021-12-30 19:26:21 INFO  Project1_Runnerclass:105 - LogOut Successfully
2021-12-30 19:26:29 INFO  Project1_Runnerclass:37 - SignIN Successfully
2021-12-30 19:26:33 INFO  Project1_Runnerclass:85 - Tshirt Page Clicked
2021-12-30 19:27:02 INFO  Project1_Runnerclass:100 - Sleeve Tshirt Order Placed
2021-12-30 19:27:08 INFO  Project1_Runnerclass:105 - LogOut Successfully
2021-12-30 19:27:09 INFO  Project1_Runnerclass:110 - Browser Closed
